2026-04-16 09:25:31,434 [INFO] Строка 1: загружена планета 'Марс'
2026-04-16 09:25:31,434 [INFO] Строка 2: загружена планета 'Юпитер'
2026-04-16 09:25:31,434 [INFO] Строка 3: загружена планета 'Венера'
2026-04-16 09:25:31,435 [INFO] Строка 4: загружена планета 'Земля'
2026-04-16 09:32:11,069 [INFO] Строка 1: загружена планета 'Марс'
2026-04-16 09:32:11,070 [INFO] Строка 2: загружена планета 'Юпитер'
2026-04-16 09:32:11,070 [INFO] Строка 3: загружена планета 'Венера'
2026-04-16 09:32:11,070 [INFO] Строка 4: загружена планета 'Земля'
2026-04-16 09:32:23,404 [WARNING] Validation error: Радиус должен быть числом! | Data: name=ва, type=planeta, radius=ч
2026-04-16 09:33:09,473 [INFO] Строка 1: загружена планета 'Марс'
2026-04-16 09:33:09,473 [INFO] Строка 2: загружена планета 'Юпитер'
2026-04-16 09:33:09,474 [INFO] Строка 3: загружена планета 'Венера'
2026-04-16 09:33:09,474 [INFO] Строка 4: загружена планета 'Земля'
2026-04-16 09:33:24,974 [WARNING] Ошибка: Радиус должен быть числом! | Инф: name=ва, type=planeta, radius=
2026-04-16 09:42:54,869 [INFO] Строка 1: загружена планета 'Марс'
2026-04-16 09:42:54,870 [INFO] Строка 2: загружена планета 'Юпитер'
2026-04-16 09:42:54,870 [INFO] Строка 3: загружена планета 'Венера'
2026-04-16 09:42:54,871 [INFO] Строка 4: загружена планета 'Земля'
2026-04-16 09:44:26,749 [INFO] Строка 1: загружена планета 'Марс'
2026-04-16 09:44:26,749 [INFO] Строка 2: загружена планета 'Юпитер'
2026-04-16 09:44:26,750 [INFO] Строка 3: загружена планета 'Венера'
2026-04-16 09:44:26,750 [INFO] Строка 4: загружена планета 'Земля'
